<?xml version="1.0" encoding="UTF-8"?>
<testng-results ignored="0" total="1" passed="1" failed="0" skipped="0">
  <reporter-output>
  </reporter-output>
  <suite started-at="2024-10-09T19:02:44 IST" name="Default suite" finished-at="2024-10-09T19:02:47 IST" duration-ms="2332">
    <groups>
    </groups>
    <test started-at="2024-10-09T19:02:44 IST" name="Default test" finished-at="2024-10-09T19:02:47 IST" duration-ms="2332">
      <class name="tests.FanCodeUsersTest">
        <test-method signature="validateFanCodeUsersHaveMoreThan50PercentTasksCompleted()[pri:0, instance:tests.FanCodeUsersTest@12e61fe6]" started-at="2024-10-09T19:02:44 IST" name="validateFanCodeUsersHaveMoreThan50PercentTasksCompleted" finished-at="2024-10-09T19:02:47 IST" duration-ms="2313" status="PASS">
          <reporter-output>
          </reporter-output>
        </test-method> <!-- validateFanCodeUsersHaveMoreThan50PercentTasksCompleted -->
      </class> <!-- tests.FanCodeUsersTest -->
    </test> <!-- Default test -->
  </suite> <!-- Default suite -->
</testng-results>
